{"uuid":"1cf0465b-77d4-43b2-ac26-daa67d1b93be","historyId":"c9310a602847565b6fccfca44ec661e4","testCaseId":"d029ad85db7e6afe0d285fd7cd913b54","fullName":"./src/test/resources/features/Shopping.feature:4","labels":[{"name":"tag","value":"shoppingpage"},{"name":"host","value":"DESKTOP-PKBVHAB"},{"name":"thread","value":"7564@DESKTOP-PKBVHAB.main(1)"},{"name":"feature","value":"Shopping Cart Functionality"},{"name":"story","value":"Add an item to the shopping cart"},{"name":"suite","value":"Shopping Cart Functionality"},{"name":"testClass","value":"Add an item to the shopping cart"},{"name":"framework","value":"cucumber4jvm"},{"name":"language","value":"java"},{"name":"gherkin_uri","value":"file:///C:/Users/ADITYA/eclipse-workspace/Capstone_Project/./src/test/resources/features/Shopping.feature"},{"name":"package","value":"src.test.resources.features.Shopping_feature.Shopping Cart Functionality"}],"links":[],"name":"Add an item to the shopping cart","status":"broken","statusDetails":{"known":false,"muted":false,"flaky":false,"message":"element click intercepted: Element <button aria-label=\"Cart\" class=\"Header-module--iconButton--db197 Header-module--iconContainer--8ecbb Header-module--bagIconContainer--c659b\">...</button> is not clickable at point (1405, 91). Other element would receive the click: <div class=\"QuickView-module--root--41109\">...</div>\n  (Session info: chrome=134.0.6998.89)\nBuild info: version: '4.19.1', revision: 'abe0ee07dc'\nSystem info: os.name: 'Windows 11', os.arch: 'amd64', os.version: '10.0', java.version: '23.0.1'\nDriver info: org.openqa.selenium.chrome.ChromeDriver\nCommand: [429a9eaf49001805ce6ba2d112394b98, clickElement {id=f.AE5BD176A3D711F3C9521C4610A8F2DD.d.9D22DA72769DA9FDD47392DBB2B5CFE8.e.58}]\nCapabilities {acceptInsecureCerts: false, browserName: chrome, browserVersion: 134.0.6998.89, chrome: {chromedriverVersion: 134.0.6998.88 (7e3d5c978c6d..., userDataDir: C:\\Users\\ADITYA\\AppData\\Loc...}, fedcm:accounts: true, goog:chromeOptions: {debuggerAddress: localhost:55375}, networkConnectionEnabled: false, pageLoadStrategy: normal, platformName: windows, proxy: Proxy(), se:cdp: ws://localhost:55375/devtoo..., se:cdpVersion: 134.0.6998.89, setWindowRect: true, strictFileInteractability: false, timeouts: {implicit: 0, pageLoad: 300000, script: 30000}, unhandledPromptBehavior: dismiss and notify, webauthn:extension:credBlob: true, webauthn:extension:largeBlob: true, webauthn:extension:minPinLength: true, webauthn:extension:prf: true, webauthn:virtualAuthenticators: true}\nElement: [[ChromeDriver: chrome on windows (429a9eaf49001805ce6ba2d112394b98)] -> css selector: .Header-module--iconButton--db197.Header-module--iconContainer--8ecbb.Header-module--bagIconContainer--c659b]\nSession ID: 429a9eaf49001805ce6ba2d112394b98","trace":"org.openqa.selenium.ElementClickInterceptedException: element click intercepted: Element <button aria-label=\"Cart\" class=\"Header-module--iconButton--db197 Header-module--iconContainer--8ecbb Header-module--bagIconContainer--c659b\">...</button> is not clickable at point (1405, 91). Other element would receive the click: <div class=\"QuickView-module--root--41109\">...</div>\n  (Session info: chrome=134.0.6998.89)\nBuild info: version: '4.19.1', revision: 'abe0ee07dc'\nSystem info: os.name: 'Windows 11', os.arch: 'amd64', os.version: '10.0', java.version: '23.0.1'\nDriver info: org.openqa.selenium.chrome.ChromeDriver\nCommand: [429a9eaf49001805ce6ba2d112394b98, clickElement {id=f.AE5BD176A3D711F3C9521C4610A8F2DD.d.9D22DA72769DA9FDD47392DBB2B5CFE8.e.58}]\nCapabilities {acceptInsecureCerts: false, browserName: chrome, browserVersion: 134.0.6998.89, chrome: {chromedriverVersion: 134.0.6998.88 (7e3d5c978c6d..., userDataDir: C:\\Users\\ADITYA\\AppData\\Loc...}, fedcm:accounts: true, goog:chromeOptions: {debuggerAddress: localhost:55375}, networkConnectionEnabled: false, pageLoadStrategy: normal, platformName: windows, proxy: Proxy(), se:cdp: ws://localhost:55375/devtoo..., se:cdpVersion: 134.0.6998.89, setWindowRect: true, strictFileInteractability: false, timeouts: {implicit: 0, pageLoad: 300000, script: 30000}, unhandledPromptBehavior: dismiss and notify, webauthn:extension:credBlob: true, webauthn:extension:largeBlob: true, webauthn:extension:minPinLength: true, webauthn:extension:prf: true, webauthn:virtualAuthenticators: true}\nElement: [[ChromeDriver: chrome on windows (429a9eaf49001805ce6ba2d112394b98)] -> css selector: .Header-module--iconButton--db197.Header-module--iconContainer--8ecbb.Header-module--bagIconContainer--c659b]\nSession ID: 429a9eaf49001805ce6ba2d112394b98\r\n\tat java.base/jdk.internal.reflect.DirectConstructorHandleAccessor.newInstance(DirectConstructorHandleAccessor.java:62)\r\n\tat java.base/java.lang.reflect.Constructor.newInstanceWithCaller(Constructor.java:501)\r\n\tat java.base/java.lang.reflect.Constructor.newInstance(Constructor.java:485)\r\n\tat org.openqa.selenium.remote.ErrorCodec.decode(ErrorCodec.java:167)\r\n\tat org.openqa.selenium.remote.codec.w3c.W3CHttpResponseCodec.decode(W3CHttpResponseCodec.java:138)\r\n\tat org.openqa.selenium.remote.codec.w3c.W3CHttpResponseCodec.decode(W3CHttpResponseCodec.java:50)\r\n\tat org.openqa.selenium.remote.HttpCommandExecutor.execute(HttpCommandExecutor.java:190)\r\n\tat org.openqa.selenium.remote.service.DriverCommandExecutor.invokeExecute(DriverCommandExecutor.java:216)\r\n\tat org.openqa.selenium.remote.service.DriverCommandExecutor.execute(DriverCommandExecutor.java:174)\r\n\tat org.openqa.selenium.remote.RemoteWebDriver.execute(RemoteWebDriver.java:518)\r\n\tat org.openqa.selenium.remote.RemoteWebElement.execute(RemoteWebElement.java:223)\r\n\tat org.openqa.selenium.remote.RemoteWebElement.click(RemoteWebElement.java:76)\r\n\tat pages.eCommercehomepage.openShoppingCart(eCommercehomepage.java:90)\r\n\tat stepDefinations.ShoppingCartSteps.i_add_the_product_to_the_cart(ShoppingCartSteps.java:35)\r\n\tat ✽.I add the product to the cart(file:///C:/Users/ADITYA/eclipse-workspace/Capstone_Project/./src/test/resources/features/Shopping.feature:7)\r\n"},"stage":"finished","steps":[{"name":"Given I am on the eCommerce homepage","status":"passed","statusDetails":{"known":false,"muted":false,"flaky":false},"stage":"finished","steps":[],"attachments":[],"parameters":[],"start":1742272630054,"stop":1742272630085},{"name":"When I search for a product \"Lambswool Crew Neck Jumper\"","status":"passed","statusDetails":{"known":false,"muted":false,"flaky":false},"stage":"finished","steps":[],"attachments":[],"parameters":[],"start":1742272630086,"stop":1742272631088},{"name":"And I add the product to the cart","status":"broken","statusDetails":{"known":false,"muted":false,"flaky":false,"message":"element click intercepted: Element <button aria-label=\"Cart\" class=\"Header-module--iconButton--db197 Header-module--iconContainer--8ecbb Header-module--bagIconContainer--c659b\">...</button> is not clickable at point (1405, 91). Other element would receive the click: <div class=\"QuickView-module--root--41109\">...</div>\n  (Session info: chrome=134.0.6998.89)\nBuild info: version: '4.19.1', revision: 'abe0ee07dc'\nSystem info: os.name: 'Windows 11', os.arch: 'amd64', os.version: '10.0', java.version: '23.0.1'\nDriver info: org.openqa.selenium.chrome.ChromeDriver\nCommand: [429a9eaf49001805ce6ba2d112394b98, clickElement {id=f.AE5BD176A3D711F3C9521C4610A8F2DD.d.9D22DA72769DA9FDD47392DBB2B5CFE8.e.58}]\nCapabilities {acceptInsecureCerts: false, browserName: chrome, browserVersion: 134.0.6998.89, chrome: {chromedriverVersion: 134.0.6998.88 (7e3d5c978c6d..., userDataDir: C:\\Users\\ADITYA\\AppData\\Loc...}, fedcm:accounts: true, goog:chromeOptions: {debuggerAddress: localhost:55375}, networkConnectionEnabled: false, pageLoadStrategy: normal, platformName: windows, proxy: Proxy(), se:cdp: ws://localhost:55375/devtoo..., se:cdpVersion: 134.0.6998.89, setWindowRect: true, strictFileInteractability: false, timeouts: {implicit: 0, pageLoad: 300000, script: 30000}, unhandledPromptBehavior: dismiss and notify, webauthn:extension:credBlob: true, webauthn:extension:largeBlob: true, webauthn:extension:minPinLength: true, webauthn:extension:prf: true, webauthn:virtualAuthenticators: true}\nElement: [[ChromeDriver: chrome on windows (429a9eaf49001805ce6ba2d112394b98)] -> css selector: .Header-module--iconButton--db197.Header-module--iconContainer--8ecbb.Header-module--bagIconContainer--c659b]\nSession ID: 429a9eaf49001805ce6ba2d112394b98","trace":"org.openqa.selenium.ElementClickInterceptedException: element click intercepted: Element <button aria-label=\"Cart\" class=\"Header-module--iconButton--db197 Header-module--iconContainer--8ecbb Header-module--bagIconContainer--c659b\">...</button> is not clickable at point (1405, 91). Other element would receive the click: <div class=\"QuickView-module--root--41109\">...</div>\n  (Session info: chrome=134.0.6998.89)\nBuild info: version: '4.19.1', revision: 'abe0ee07dc'\nSystem info: os.name: 'Windows 11', os.arch: 'amd64', os.version: '10.0', java.version: '23.0.1'\nDriver info: org.openqa.selenium.chrome.ChromeDriver\nCommand: [429a9eaf49001805ce6ba2d112394b98, clickElement {id=f.AE5BD176A3D711F3C9521C4610A8F2DD.d.9D22DA72769DA9FDD47392DBB2B5CFE8.e.58}]\nCapabilities {acceptInsecureCerts: false, browserName: chrome, browserVersion: 134.0.6998.89, chrome: {chromedriverVersion: 134.0.6998.88 (7e3d5c978c6d..., userDataDir: C:\\Users\\ADITYA\\AppData\\Loc...}, fedcm:accounts: true, goog:chromeOptions: {debuggerAddress: localhost:55375}, networkConnectionEnabled: false, pageLoadStrategy: normal, platformName: windows, proxy: Proxy(), se:cdp: ws://localhost:55375/devtoo..., se:cdpVersion: 134.0.6998.89, setWindowRect: true, strictFileInteractability: false, timeouts: {implicit: 0, pageLoad: 300000, script: 30000}, unhandledPromptBehavior: dismiss and notify, webauthn:extension:credBlob: true, webauthn:extension:largeBlob: true, webauthn:extension:minPinLength: true, webauthn:extension:prf: true, webauthn:virtualAuthenticators: true}\nElement: [[ChromeDriver: chrome on windows (429a9eaf49001805ce6ba2d112394b98)] -> css selector: .Header-module--iconButton--db197.Header-module--iconContainer--8ecbb.Header-module--bagIconContainer--c659b]\nSession ID: 429a9eaf49001805ce6ba2d112394b98\r\n\tat java.base/jdk.internal.reflect.DirectConstructorHandleAccessor.newInstance(DirectConstructorHandleAccessor.java:62)\r\n\tat java.base/java.lang.reflect.Constructor.newInstanceWithCaller(Constructor.java:501)\r\n\tat java.base/java.lang.reflect.Constructor.newInstance(Constructor.java:485)\r\n\tat org.openqa.selenium.remote.ErrorCodec.decode(ErrorCodec.java:167)\r\n\tat org.openqa.selenium.remote.codec.w3c.W3CHttpResponseCodec.decode(W3CHttpResponseCodec.java:138)\r\n\tat org.openqa.selenium.remote.codec.w3c.W3CHttpResponseCodec.decode(W3CHttpResponseCodec.java:50)\r\n\tat org.openqa.selenium.remote.HttpCommandExecutor.execute(HttpCommandExecutor.java:190)\r\n\tat org.openqa.selenium.remote.service.DriverCommandExecutor.invokeExecute(DriverCommandExecutor.java:216)\r\n\tat org.openqa.selenium.remote.service.DriverCommandExecutor.execute(DriverCommandExecutor.java:174)\r\n\tat org.openqa.selenium.remote.RemoteWebDriver.execute(RemoteWebDriver.java:518)\r\n\tat org.openqa.selenium.remote.RemoteWebElement.execute(RemoteWebElement.java:223)\r\n\tat org.openqa.selenium.remote.RemoteWebElement.click(RemoteWebElement.java:76)\r\n\tat pages.eCommercehomepage.openShoppingCart(eCommercehomepage.java:90)\r\n\tat stepDefinations.ShoppingCartSteps.i_add_the_product_to_the_cart(ShoppingCartSteps.java:35)\r\n\tat ✽.I add the product to the cart(file:///C:/Users/ADITYA/eclipse-workspace/Capstone_Project/./src/test/resources/features/Shopping.feature:7)\r\n"},"stage":"finished","steps":[],"attachments":[],"parameters":[],"start":1742272631088,"stop":1742272635323},{"name":"Then I should see the product in the shopping cart","status":"skipped","statusDetails":{"known":false,"muted":false,"flaky":false},"stage":"finished","steps":[],"attachments":[],"parameters":[],"start":1742272635325,"stop":1742272635325}],"attachments":[],"parameters":[],"start":1742272624084,"stop":1742272635334}