<?xml version="1.0" encoding="UTF-8"?>
<testsuite xmlns:xsi="http://www.w3.org/2001/XMLSchema-instance" xsi:noNamespaceSchemaLocation="https://maven.apache.org/surefire/maven-surefire-plugin/xsd/surefire-test-report-3.0.xsd" version="3.0" name="Runner.TestRunner" time="146.877" tests="33" errors="0" skipped="0" failures="3">
  <properties>
[...]
</properties>
  <testcase name="runScenario[&quot;User filters courses by category field&quot;, &quot;Search and Filter Course&quot;](1)" classname="Runner.TestRunner" time="14.503">
    <failure message="stale element reference: stale element not found&#10;  (Session info: chrome=134.0.6998.89)&#10;For documentation on this error, please visit: https://www.selenium.dev/documentation/webdriver/troubleshooting/errors#stale-element-reference-exception&#10;Build info: version: &apos;4.19.1&apos;, revision: &apos;abe0ee07dc&apos;&#10;System info: os.name: &apos;Windows 11&apos;, os.arch: &apos;amd64&apos;, os.version: &apos;10.0&apos;, java.version: &apos;23.0.1&apos;&#10;Driver info: org.openqa.selenium.chrome.ChromeDriver&#10;Command: [81ab2c5523747bd871553f9472bffcfe, clickElement {id=f.E3770F255B124B8AA3CB9A1C8267A7B2.d.894D13D2D76C574D011323989E5D05AD.e.86}]&#10;Capabilities {acceptInsecureCerts: false, browserName: chrome, browserVersion: 134.0.6998.89, chrome: {chromedriverVersion: 134.0.6998.90 (219ee74681fc..., userDataDir: C:\Users\ADITYA\AppData\Loc...}, fedcm:accounts: true, goog:chromeOptions: {debuggerAddress: localhost:64699}, networkConnectionEnabled: false, pageLoadStrategy: normal, platformName: windows, proxy: Proxy(), se:cdp: ws://localhost:64699/devtoo..., se:cdpVersion: 134.0.6998.89, setWindowRect: true, strictFileInteractability: false, timeouts: {implicit: 0, pageLoad: 300000, script: 30000}, unhandledPromptBehavior: dismiss and notify, webauthn:extension:credBlob: true, webauthn:extension:largeBlob: true, webauthn:extension:minPinLength: true, webauthn:extension:prf: true, webauthn:virtualAuthenticators: true}&#10;Element: [[ChromeDriver: chrome on windows (81ab2c5523747bd871553f9472bffcfe)] -&gt; xpath: //button[@type=&apos;submit&apos;]]&#10;Session ID: 81ab2c5523747bd871553f9472bffcfe" type="org.openqa.selenium.StaleElementReferenceException"><![CDATA[org.openqa.selenium.StaleElementReferenceException: 
stale element reference: stale element not found
  (Session info: chrome=134.0.6998.89)
For documentation on this error, please visit: https://www.selenium.dev/documentation/webdriver/troubleshooting/errors#stale-element-reference-exception
Build info: version: '4.19.1', revision: 'abe0ee07dc'
System info: os.name: 'Windows 11', os.arch: 'amd64', os.version: '10.0', java.version: '23.0.1'
Driver info: org.openqa.selenium.chrome.ChromeDriver
Command: [81ab2c5523747bd871553f9472bffcfe, clickElement {id=f.E3770F255B124B8AA3CB9A1C8267A7B2.d.894D13D2D76C574D011323989E5D05AD.e.86}]
Capabilities {acceptInsecureCerts: false, browserName: chrome, browserVersion: 134.0.6998.89, chrome: {chromedriverVersion: 134.0.6998.90 (219ee74681fc..., userDataDir: C:\Users\ADITYA\AppData\Loc...}, fedcm:accounts: true, goog:chromeOptions: {debuggerAddress: localhost:64699}, networkConnectionEnabled: false, pageLoadStrategy: normal, platformName: windows, proxy: Proxy(), se:cdp: ws://localhost:64699/devtoo..., se:cdpVersion: 134.0.6998.89, setWindowRect: true, strictFileInteractability: false, timeouts: {implicit: 0, pageLoad: 300000, script: 30000}, unhandledPromptBehavior: dismiss and notify, webauthn:extension:credBlob: true, webauthn:extension:largeBlob: true, webauthn:extension:minPinLength: true, webauthn:extension:prf: true, webauthn:virtualAuthenticators: true}
Element: [[ChromeDriver: chrome on windows (81ab2c5523747bd871553f9472bffcfe)] -> xpath: //button[@type='submit']]
Session ID: 81ab2c5523747bd871553f9472bffcfe
	at java.base/jdk.internal.reflect.DirectConstructorHandleAccessor.newInstance(DirectConstructorHandleAccessor.java:62)
	at java.base/java.lang.reflect.Constructor.newInstanceWithCaller(Constructor.java:501)
	at java.base/java.lang.reflect.Constructor.newInstance(Constructor.java:485)
	at org.openqa.selenium.remote.ErrorCodec.decode(ErrorCodec.java:167)
	at org.openqa.selenium.remote.codec.w3c.W3CHttpResponseCodec.decode(W3CHttpResponseCodec.java:138)
	at org.openqa.selenium.remote.codec.w3c.W3CHttpResponseCodec.decode(W3CHttpResponseCodec.java:50)
	at org.openqa.selenium.remote.HttpCommandExecutor.execute(HttpCommandExecutor.java:190)
	at org.openqa.selenium.remote.service.DriverCommandExecutor.invokeExecute(DriverCommandExecutor.java:216)
	at org.openqa.selenium.remote.service.DriverCommandExecutor.execute(DriverCommandExecutor.java:174)
	at org.openqa.selenium.remote.RemoteWebDriver.execute(RemoteWebDriver.java:518)
	at org.openqa.selenium.remote.RemoteWebElement.execute(RemoteWebElement.java:223)
	at org.openqa.selenium.remote.RemoteWebElement.click(RemoteWebElement.java:76)
	at pages.AllCoursesPage.clickOnsearchButton(AllCoursesPage.java:68)
	at stepDefinations.AllCoursesStepDef.clicks_on_the_search_button(AllCoursesStepDef.java:31)
	at ✽.clicks on the search button(file:///C:/Users/ADITYA/eclipse-workspace/Capstone_Project/./src/test/resources/features/ALLCourses.feature:8)
]]></failure>
    <system-out><![CDATA[
@allCourses @categoryFiled
Scenario Outline: User filters courses by category field         &amp#27;[90m# src/test/resources/features/ALLCourses.feature:14&amp#27;[0m
Executing Scenario: User filters courses by category field
  &amp#27;[32mGiven &amp#27;[0m&amp#27;[32muser is on the All Courses page&amp#27;[0m                          &amp#27;[90m# stepDefinations.AllCoursesStepDef.user_is_on_the_all_courses_page()&amp#27;[0m
  &amp#27;[32mWhen &amp#27;[0m&amp#27;[32muser selects &amp#27;[0m&amp#27;[32m&amp#27;[1m"Sotfware Testing"&amp#27;[0m&amp#27;[32m from the category field&amp#27;[0m   &amp#27;[90m# stepDefinations.AllCoursesStepDef.user_selects_from_the_category_field(java.lang.String)&amp#27;[0m
  &amp#27;[31mAnd &amp#27;[0m&amp#27;[31mclicks on the search button&amp#27;[0m                                &amp#27;[90m# stepDefinations.AllCoursesStepDef.clicks_on_the_search_button()&amp#27;[0m
      &amp#27;[31morg.openqa.selenium.StaleElementReferenceException: stale element reference: stale element not found
        (Session info: chrome=134.0.6998.89)
      For documentation on this error, please visit: https://www.selenium.dev/documentation/webdriver/troubleshooting/errors#stale-element-reference-exception
      Build info: version: '4.19.1', revision: 'abe0ee07dc'
      System info: os.name: 'Windows 11', os.arch: 'amd64', os.version: '10.0', java.version: '23.0.1'
      Driver info: org.openqa.selenium.chrome.ChromeDriver
      Command: [81ab2c5523747bd871553f9472bffcfe, clickElement {id=f.E3770F255B124B8AA3CB9A1C8267A7B2.d.894D13D2D76C574D011323989E5D05AD.e.86}]
      Capabilities {acceptInsecureCerts: false, browserName: chrome, browserVersion: 134.0.6998.89, chrome: {chromedriverVersion: 134.0.6998.90 (219ee74681fc..., userDataDir: C:\Users\ADITYA\AppData\Loc...}, fedcm:accounts: true, goog:chromeOptions: {debuggerAddress: localhost:64699}, networkConnectionEnabled: false, pageLoadStrategy: normal, platformName: windows, proxy: Proxy(), se:cdp: ws://localhost:64699/devtoo..., se:cdpVersion: 134.0.6998.89, setWindowRect: true, strictFileInteractability: false, timeouts: {implicit: 0, pageLoad: 300000, script: 30000}, unhandledPromptBehavior: dismiss and notify, webauthn:extension:credBlob: true, webauthn:extension:largeBlob: true, webauthn:extension:minPinLength: true, webauthn:extension:prf: true, webauthn:virtualAuthenticators: true}
      Element: [[ChromeDriver: chrome on windows (81ab2c5523747bd871553f9472bffcfe)] -> xpath: //button[@type='submit']]
      Session ID: 81ab2c5523747bd871553f9472bffcfe
      	at java.base/jdk.internal.reflect.DirectConstructorHandleAccessor.newInstance(DirectConstructorHandleAccessor.java:62)
      	at java.base/java.lang.reflect.Constructor.newInstanceWithCaller(Constructor.java:501)
      	at java.base/java.lang.reflect.Constructor.newInstance(Constructor.java:485)
      	at org.openqa.selenium.remote.ErrorCodec.decode(ErrorCodec.java:167)
      	at org.openqa.selenium.remote.codec.w3c.W3CHttpResponseCodec.decode(W3CHttpResponseCodec.java:138)
      	at org.openqa.selenium.remote.codec.w3c.W3CHttpResponseCodec.decode(W3CHttpResponseCodec.java:50)
      	at org.openqa.selenium.remote.HttpCommandExecutor.execute(HttpCommandExecutor.java:190)
      	at org.openqa.selenium.remote.service.DriverCommandExecutor.invokeExecute(DriverCommandExecutor.java:216)
      	at org.openqa.selenium.remote.service.DriverCommandExecutor.execute(DriverCommandExecutor.java:174)
      	at org.openqa.selenium.remote.RemoteWebDriver.execute(RemoteWebDriver.java:518)
      	at org.openqa.selenium.remote.RemoteWebElement.execute(RemoteWebElement.java:223)
      	at org.openqa.selenium.remote.RemoteWebElement.click(RemoteWebElement.java:76)
      	at pages.AllCoursesPage.clickOnsearchButton(AllCoursesPage.java:68)
      	at stepDefinations.AllCoursesStepDef.clicks_on_the_search_button(AllCoursesStepDef.java:31)
      	at ✽.clicks on the search button(file:///C:/Users/ADITYA/eclipse-workspace/Capstone_Project/./src/test/resources/features/ALLCourses.feature:8)&amp#27;[0m
  &amp#27;[36mThen &amp#27;[0m&amp#27;[36mcourses related to &amp#27;[0m&amp#27;[36m&amp#27;[1m"Sotfware Testing"&amp#27;[0m&amp#27;[36m should be displayed&amp#27;[0m &amp#27;[90m# stepDefinations.AllCoursesStepDef.courses_related_to_should_be_displayed(java.lang.String)&amp#27;[0m
]]></system-out>
    <system-err><![CDATA[Mar 21, 2025 2:01:53 PM org.openqa.selenium.devtools.CdpVersionFinder findNearestMatch
WARNING: Unable to find CDP implementation matching 134
Mar 21, 2025 2:01:53 PM org.openqa.selenium.chromium.ChromiumDriver lambda$new$5
WARNING: Unable to find version of CDP to use for 134.0.6998.89. You may need to include a dependency on a specific version of the CDP using something similar to `org.seleniumhq.selenium:selenium-devtools-v86:4.19.1` where the version ("v86") matches the version of the chromium-based browser you're using and the version number of the artifact is the same as Selenium's.
]]></system-err>
  </testcase>
  <testcase name="runScenario[&quot;User filters courses by category field&quot;, &quot;Search and Filter Course&quot;](2)" classname="Runner.TestRunner" time="4.529">
    <system-out><![CDATA[
@allCourses @categoryFiled
Scenario Outline: User filters courses by category field           &amp#27;[90m# src/test/resources/features/ALLCourses.feature:15&amp#27;[0m
Executing Scenario: User filters courses by category field
  &amp#27;[32mGiven &amp#27;[0m&amp#27;[32muser is on the All Courses page&amp#27;[0m                            &amp#27;[90m# stepDefinations.AllCoursesStepDef.user_is_on_the_all_courses_page()&amp#27;[0m
  &amp#27;[32mWhen &amp#27;[0m&amp#27;[32muser selects &amp#27;[0m&amp#27;[32m&amp#27;[1m"Selenium WebDriver"&amp#27;[0m&amp#27;[32m from the category field&amp#27;[0m   &amp#27;[90m# stepDefinations.AllCoursesStepDef.user_selects_from_the_category_field(java.lang.String)&amp#27;[0m
  &amp#27;[32mAnd &amp#27;[0m&amp#27;[32mclicks on the search button&amp#27;[0m                                  &amp#27;[90m# stepDefinations.AllCoursesStepDef.clicks_on_the_search_button()&amp#27;[0m
  &amp#27;[32mThen &amp#27;[0m&amp#27;[32mcourses related to &amp#27;[0m&amp#27;[32m&amp#27;[1m"Selenium WebDriver"&amp#27;[0m&amp#27;[32m should be displayed&amp#27;[0m &amp#27;[90m# stepDefinations.AllCoursesStepDef.courses_related_to_should_be_displayed(java.lang.String)&amp#27;[0m
]]></system-out>
  </testcase>
  <testcase name="runScenario[&quot;User filters courses by category field&quot;, &quot;Search and Filter Course&quot;](3)" classname="Runner.TestRunner" time="5.185">
    <system-out><![CDATA[
@allCourses @categoryFiled
Scenario Outline: User filters courses by category field             &amp#27;[90m# src/test/resources/features/ALLCourses.feature:16&amp#27;[0m
Executing Scenario: User filters courses by category field
  &amp#27;[32mGiven &amp#27;[0m&amp#27;[32muser is on the All Courses page&amp#27;[0m                              &amp#27;[90m# stepDefinations.AllCoursesStepDef.user_is_on_the_all_courses_page()&amp#27;[0m
  &amp#27;[32mWhen &amp#27;[0m&amp#27;[32muser selects &amp#27;[0m&amp#27;[32m&amp#27;[1m"Software Development"&amp#27;[0m&amp#27;[32m from the category field&amp#27;[0m   &amp#27;[90m# stepDefinations.AllCoursesStepDef.user_selects_from_the_category_field(java.lang.String)&amp#27;[0m
  &amp#27;[32mAnd &amp#27;[0m&amp#27;[32mclicks on the search button&amp#27;[0m                                    &amp#27;[90m# stepDefinations.AllCoursesStepDef.clicks_on_the_search_button()&amp#27;[0m
  &amp#27;[32mThen &amp#27;[0m&amp#27;[32mcourses related to &amp#27;[0m&amp#27;[32m&amp#27;[1m"Software Development"&amp#27;[0m&amp#27;[32m should be displayed&amp#27;[0m &amp#27;[90m# stepDefinations.AllCoursesStepDef.courses_related_to_should_be_displayed(java.lang.String)&amp#27;[0m
]]></system-out>
  </testcase>
  <testcase name="runScenario[&quot;User searches courses by Search Course filed&quot;, &quot;Search and Filter Course&quot;](4)" classname="Runner.TestRunner" time="3.233">
    <system-out><![CDATA[
@allCourses @searchField
Scenario Outline: User searches courses by Search Course filed  &amp#27;[90m# src/test/resources/features/ALLCourses.feature:25&amp#27;[0m
Executing Scenario: User searches courses by Search Course filed
  &amp#27;[32mGiven &amp#27;[0m&amp#27;[32muser is on the All Courses page&amp#27;[0m                         &amp#27;[90m# stepDefinations.AllCoursesStepDef.user_is_on_the_all_courses_page()&amp#27;[0m
  &amp#27;[32mWhen &amp#27;[0m&amp#27;[32muser enters &amp#27;[0m&amp#27;[32m&amp#27;[1m"selenium"&amp#27;[0m&amp#27;[32m in the search field&amp#27;[0m               &amp#27;[90m# stepDefinations.AllCoursesStepDef.user_enters_in_the_search_field(java.lang.String)&amp#27;[0m
  &amp#27;[32mAnd &amp#27;[0m&amp#27;[32mclicks on the search button&amp#27;[0m                               &amp#27;[90m# stepDefinations.AllCoursesStepDef.clicks_on_the_search_button()&amp#27;[0m
  &amp#27;[32mThen &amp#27;[0m&amp#27;[32mcourses related to course &amp#27;[0m&amp#27;[32m&amp#27;[1m"selenium"&amp#27;[0m&amp#27;[32m should be displayed&amp#27;[0m &amp#27;[90m# stepDefinations.AllCoursesStepDef.courses_related_to_course_should_be_displayed(java.lang.String)&amp#27;[0m
]]></system-out>
  </testcase>
  <testcase name="runScenario[&quot;User searches courses by Search Course filed&quot;, &quot;Search and Filter Course&quot;](5)" classname="Runner.TestRunner" time="2.348">
    <system-out><![CDATA[
@allCourses @searchField
Scenario Outline: User searches courses by Search Course filed &amp#27;[90m# src/test/resources/features/ALLCourses.feature:26&amp#27;[0m
Executing Scenario: User searches courses by Search Course filed
  &amp#27;[32mGiven &amp#27;[0m&amp#27;[32muser is on the All Courses page&amp#27;[0m                        &amp#27;[90m# stepDefinations.AllCoursesStepDef.user_is_on_the_all_courses_page()&amp#27;[0m
  &amp#27;[32mWhen &amp#27;[0m&amp#27;[32muser enters &amp#27;[0m&amp#27;[32m&amp#27;[1m"java"&amp#27;[0m&amp#27;[32m in the search field&amp#27;[0m                  &amp#27;[90m# stepDefinations.AllCoursesStepDef.user_enters_in_the_search_field(java.lang.String)&amp#27;[0m
  &amp#27;[32mAnd &amp#27;[0m&amp#27;[32mclicks on the search button&amp#27;[0m                              &amp#27;[90m# stepDefinations.AllCoursesStepDef.clicks_on_the_search_button()&amp#27;[0m
  &amp#27;[32mThen &amp#27;[0m&amp#27;[32mcourses related to course &amp#27;[0m&amp#27;[32m&amp#27;[1m"java"&amp#27;[0m&amp#27;[32m should be displayed&amp#27;[0m    &amp#27;[90m# stepDefinations.AllCoursesStepDef.courses_related_to_course_should_be_displayed(java.lang.String)&amp#27;[0m
]]></system-out>
  </testcase>
  <testcase name="runScenario[&quot;User searches courses by Search Course filed&quot;, &quot;Search and Filter Course&quot;](6)" classname="Runner.TestRunner" time="3.758">
    <system-out><![CDATA[
@allCourses @searchField
Scenario Outline: User searches courses by Search Course filed &amp#27;[90m# src/test/resources/features/ALLCourses.feature:27&amp#27;[0m
Executing Scenario: User searches courses by Search Course filed
  &amp#27;[32mGiven &amp#27;[0m&amp#27;[32muser is on the All Courses page&amp#27;[0m                        &amp#27;[90m# stepDefinations.AllCoursesStepDef.user_is_on_the_all_courses_page()&amp#27;[0m
  &amp#27;[32mWhen &amp#27;[0m&amp#27;[32muser enters &amp#27;[0m&amp#27;[32m&amp#27;[1m"python"&amp#27;[0m&amp#27;[32m in the search field&amp#27;[0m                &amp#27;[90m# stepDefinations.AllCoursesStepDef.user_enters_in_the_search_field(java.lang.String)&amp#27;[0m
  &amp#27;[32mAnd &amp#27;[0m&amp#27;[32mclicks on the search button&amp#27;[0m                              &amp#27;[90m# stepDefinations.AllCoursesStepDef.clicks_on_the_search_button()&amp#27;[0m
  &amp#27;[32mThen &amp#27;[0m&amp#27;[32mcourses related to course &amp#27;[0m&amp#27;[32m&amp#27;[1m"python"&amp#27;[0m&amp#27;[32m should be displayed&amp#27;[0m  &amp#27;[90m# stepDefinations.AllCoursesStepDef.courses_related_to_course_should_be_displayed(java.lang.String)&amp#27;[0m
]]></system-out>
  </testcase>
  <testcase name="runScenario[&quot;User filters courses by category and searches for a course&quot;, &quot;Search and Filter Course&quot;](7)" classname="Runner.TestRunner" time="5.096">
    <system-out><![CDATA[
@allCourses @categoryAndSearch
Scenario Outline: User filters courses by category and searches for a course &amp#27;[90m# src/test/resources/features/ALLCourses.feature:37&amp#27;[0m
Executing Scenario: User filters courses by category and searches for a course
  &amp#27;[32mGiven &amp#27;[0m&amp#27;[32muser is on the All Courses page&amp#27;[0m                                      &amp#27;[90m# stepDefinations.AllCoursesStepDef.user_is_on_the_all_courses_page()&amp#27;[0m
  &amp#27;[32mWhen &amp#27;[0m&amp#27;[32muser selects &amp#27;[0m&amp#27;[32m&amp#27;[1m"Sotfware Testing"&amp#27;[0m&amp#27;[32m from the category field&amp#27;[0m               &amp#27;[90m# stepDefinations.AllCoursesStepDef.user_selects_from_the_category_field(java.lang.String)&amp#27;[0m
  &amp#27;[32mAnd &amp#27;[0m&amp#27;[32muser searches for &amp#27;[0m&amp#27;[32m&amp#27;[1m"selenium"&amp#27;[0m&amp#27;[32m in search field&amp#27;[0m                           &amp#27;[90m# stepDefinations.AllCoursesStepDef.user_searches_for_in_search_field(java.lang.String)&amp#27;[0m
  &amp#27;[32mAnd &amp#27;[0m&amp#27;[32mclicks on the search button&amp#27;[0m                                            &amp#27;[90m# stepDefinations.AllCoursesStepDef.clicks_on_the_search_button()&amp#27;[0m
  &amp#27;[32mThen &amp#27;[0m&amp#27;[32mrelevant courses should be displayed&amp#27;[0m                                  &amp#27;[90m# stepDefinations.AllCoursesStepDef.relevant_courses_should_be_displayed()&amp#27;[0m
]]></system-out>
  </testcase>
  <testcase name="runScenario[&quot;User filters courses by category and searches for a course&quot;, &quot;Search and Filter Course&quot;](8)" classname="Runner.TestRunner" time="6.189">
    <system-out><![CDATA[
@allCourses @categoryAndSearch
Scenario Outline: User filters courses by category and searches for a course &amp#27;[90m# src/test/resources/features/ALLCourses.feature:38&amp#27;[0m
Executing Scenario: User filters courses by category and searches for a course
  &amp#27;[32mGiven &amp#27;[0m&amp#27;[32muser is on the All Courses page&amp#27;[0m                                      &amp#27;[90m# stepDefinations.AllCoursesStepDef.user_is_on_the_all_courses_page()&amp#27;[0m
  &amp#27;[32mWhen &amp#27;[0m&amp#27;[32muser selects &amp#27;[0m&amp#27;[32m&amp#27;[1m"Test Automation"&amp#27;[0m&amp#27;[32m from the category field&amp#27;[0m                &amp#27;[90m# stepDefinations.AllCoursesStepDef.user_selects_from_the_category_field(java.lang.String)&amp#27;[0m
  &amp#27;[32mAnd &amp#27;[0m&amp#27;[32muser searches for &amp#27;[0m&amp#27;[32m&amp#27;[1m"java"&amp#27;[0m&amp#27;[32m in search field&amp#27;[0m                               &amp#27;[90m# stepDefinations.AllCoursesStepDef.user_searches_for_in_search_field(java.lang.String)&amp#27;[0m
  &amp#27;[32mAnd &amp#27;[0m&amp#27;[32mclicks on the search button&amp#27;[0m                                            &amp#27;[90m# stepDefinations.AllCoursesStepDef.clicks_on_the_search_button()&amp#27;[0m
  &amp#27;[32mThen &amp#27;[0m&amp#27;[32mrelevant courses should be displayed&amp#27;[0m                                  &amp#27;[90m# stepDefinations.AllCoursesStepDef.relevant_courses_should_be_displayed()&amp#27;[0m
]]></system-out>
  </testcase>
  <testcase name="runScenario[&quot;User filters courses by category and searches for a course&quot;, &quot;Search and Filter Course&quot;](9)" classname="Runner.TestRunner" time="4.505">
    <system-out><![CDATA[
@allCourses @categoryAndSearch
Scenario Outline: User filters courses by category and searches for a course &amp#27;[90m# src/test/resources/features/ALLCourses.feature:39&amp#27;[0m
Executing Scenario: User filters courses by category and searches for a course
  &amp#27;[32mGiven &amp#27;[0m&amp#27;[32muser is on the All Courses page&amp#27;[0m                                      &amp#27;[90m# stepDefinations.AllCoursesStepDef.user_is_on_the_all_courses_page()&amp#27;[0m
  &amp#27;[32mWhen &amp#27;[0m&amp#27;[32muser selects &amp#27;[0m&amp#27;[32m&amp#27;[1m"Software Development"&amp#27;[0m&amp#27;[32m from the category field&amp#27;[0m           &amp#27;[90m# stepDefinations.AllCoursesStepDef.user_selects_from_the_category_field(java.lang.String)&amp#27;[0m
  &amp#27;[32mAnd &amp#27;[0m&amp#27;[32muser searches for &amp#27;[0m&amp#27;[32m&amp#27;[1m"javascript"&amp#27;[0m&amp#27;[32m in search field&amp#27;[0m                         &amp#27;[90m# stepDefinations.AllCoursesStepDef.user_searches_for_in_search_field(java.lang.String)&amp#27;[0m
  &amp#27;[32mAnd &amp#27;[0m&amp#27;[32mclicks on the search button&amp#27;[0m                                            &amp#27;[90m# stepDefinations.AllCoursesStepDef.clicks_on_the_search_button()&amp#27;[0m
  &amp#27;[32mThen &amp#27;[0m&amp#27;[32mrelevant courses should be displayed&amp#27;[0m                                  &amp#27;[90m# stepDefinations.AllCoursesStepDef.relevant_courses_should_be_displayed()&amp#27;[0m
]]></system-out>
  </testcase>
  <testcase name="runScenario[&quot;Verify the title and major sections of the Home Page&quot;, &quot;Home Page Verification&quot;](10)" classname="Runner.TestRunner" time="5.773">
    <system-out><![CDATA[
@HomePage @VerifyTitleAndSections
Scenario: Verify the title and major sections of the Home Page &amp#27;[90m# src/test/resources/features/Homepage.feature:5&amp#27;[0m
Executing Home Page Scenario: Verify the title and major sections of the Home Page
The browser is opened and Home Page is initialized.
  &amp#27;[32mGiven &amp#27;[0m&amp#27;[32mI open the browser and navigated to home page&amp#27;[0m          &amp#27;[90m# stepDefinations.HomePageSteps.i_open_the_browser()&amp#27;[0m
Actual Page Title: Home Page
  &amp#27;[32mThen &amp#27;[0m&amp#27;[32mthe page title should be &amp#27;[0m&amp#27;[32m&amp#27;[1m"Home Page"&amp#27;[0m                    &amp#27;[90m# stepDefinations.HomePageSteps.the_page_title_should_be(java.lang.String)&amp#27;[0m
  &amp#27;[32mAnd &amp#27;[0m&amp#27;[32mthe following sections should be visible:&amp#27;[0m                &amp#27;[90m# stepDefinations.HomePageSteps.the_following_sections_should_be_visible(io.cucumber.datatable.DataTable)&amp#27;[0m
    | HOME        |
    | ALL COURSES |
    | INTERVIEW   |
    | SUPPORT     |
    | BLOG        |
]]></system-out>
  </testcase>
  <testcase name="runScenario[&quot;Verify user can select different radio buttons&quot;, &quot;Automate LetsKodeIt Practice Page&quot;](11)" classname="Runner.TestRunner" time="2.269">
    <system-out><![CDATA[
@PracticePage @RadioButton
Scenario Outline: Verify user can select different radio buttons &amp#27;[90m# src/test/resources/features/PracticePage.feature:11&amp#27;[0m
Executing Home Page Scenario: Verify user can select different radio buttons
  &amp#27;[32mWhen &amp#27;[0m&amp#27;[32mI select the &amp#27;[0m&amp#27;[32m&amp#27;[1m"BMW"&amp#27;[0m&amp#27;[32m radio button&amp#27;[0m                           &amp#27;[90m# stepDefinations.PracticePageSteps.i_select_the_radio_button(java.lang.String)&amp#27;[0m
  &amp#27;[32mThen &amp#27;[0m&amp#27;[32mthe &amp#27;[0m&amp#27;[32m&amp#27;[1m"BMW"&amp#27;[0m&amp#27;[32m radio button should be selected&amp#27;[0m                 &amp#27;[90m# stepDefinations.PracticePageSteps.the_radio_button_should_be_selected(java.lang.String)&amp#27;[0m
]]></system-out>
  </testcase>
  <testcase name="runScenario[&quot;Verify user can select different radio buttons&quot;, &quot;Automate LetsKodeIt Practice Page&quot;](12)" classname="Runner.TestRunner" time="2.649">
    <system-out><![CDATA[
@PracticePage @RadioButton
Scenario Outline: Verify user can select different radio buttons &amp#27;[90m# src/test/resources/features/PracticePage.feature:12&amp#27;[0m
Executing Home Page Scenario: Verify user can select different radio buttons
  &amp#27;[32mWhen &amp#27;[0m&amp#27;[32mI select the &amp#27;[0m&amp#27;[32m&amp#27;[1m"Benz"&amp#27;[0m&amp#27;[32m radio button&amp#27;[0m                          &amp#27;[90m# stepDefinations.PracticePageSteps.i_select_the_radio_button(java.lang.String)&amp#27;[0m
  &amp#27;[32mThen &amp#27;[0m&amp#27;[32mthe &amp#27;[0m&amp#27;[32m&amp#27;[1m"Benz"&amp#27;[0m&amp#27;[32m radio button should be selected&amp#27;[0m                &amp#27;[90m# stepDefinations.PracticePageSteps.the_radio_button_should_be_selected(java.lang.String)&amp#27;[0m
]]></system-out>
  </testcase>
  <testcase name="runScenario[&quot;Verify user can select different radio buttons&quot;, &quot;Automate LetsKodeIt Practice Page&quot;](13)" classname="Runner.TestRunner" time="2.448">
    <system-out><![CDATA[
@PracticePage @RadioButton
Scenario Outline: Verify user can select different radio buttons &amp#27;[90m# src/test/resources/features/PracticePage.feature:13&amp#27;[0m
Executing Home Page Scenario: Verify user can select different radio buttons
  &amp#27;[32mWhen &amp#27;[0m&amp#27;[32mI select the &amp#27;[0m&amp#27;[32m&amp#27;[1m"Honda"&amp#27;[0m&amp#27;[32m radio button&amp#27;[0m                         &amp#27;[90m# stepDefinations.PracticePageSteps.i_select_the_radio_button(java.lang.String)&amp#27;[0m
  &amp#27;[32mThen &amp#27;[0m&amp#27;[32mthe &amp#27;[0m&amp#27;[32m&amp#27;[1m"Honda"&amp#27;[0m&amp#27;[32m radio button should be selected&amp#27;[0m               &amp#27;[90m# stepDefinations.PracticePageSteps.the_radio_button_should_be_selected(java.lang.String)&amp#27;[0m
]]></system-out>
  </testcase>
  <testcase name="runScenario[&quot;Verify user can check and uncheck checkboxes&quot;, &quot;Automate LetsKodeIt Practice Page&quot;](14)" classname="Runner.TestRunner" time="2.752">
    <system-out><![CDATA[
@PracticePage @CheckBox
Scenario Outline: Verify user can check and uncheck checkboxes &amp#27;[90m# src/test/resources/features/PracticePage.feature:24&amp#27;[0m
Executing Home Page Scenario: Verify user can check and uncheck checkboxes
  &amp#27;[32mWhen &amp#27;[0m&amp#27;[32mI select the &amp#27;[0m&amp#27;[32m&amp#27;[1m"BMW"&amp#27;[0m&amp#27;[32m checkbox&amp#27;[0m                             &amp#27;[90m# stepDefinations.PracticePageSteps.i_select_the_checkbox(java.lang.String)&amp#27;[0m
  &amp#27;[32mThen &amp#27;[0m&amp#27;[32mthe &amp#27;[0m&amp#27;[32m&amp#27;[1m"BMW"&amp#27;[0m&amp#27;[32m checkbox should be selected&amp#27;[0m                   &amp#27;[90m# stepDefinations.PracticePageSteps.the_checkbox_should_be_selected(java.lang.String)&amp#27;[0m
  &amp#27;[32mWhen &amp#27;[0m&amp#27;[32mI deselect the &amp#27;[0m&amp#27;[32m&amp#27;[1m"BMW"&amp#27;[0m&amp#27;[32m checkbox&amp#27;[0m                           &amp#27;[90m# stepDefinations.PracticePageSteps.i_deselect_the_checkbox(java.lang.String)&amp#27;[0m
  &amp#27;[32mThen &amp#27;[0m&amp#27;[32mthe &amp#27;[0m&amp#27;[32m&amp#27;[1m"BMW"&amp#27;[0m&amp#27;[32m checkbox should not be selected&amp#27;[0m               &amp#27;[90m# stepDefinations.PracticePageSteps.the_checkbox_should_not_be_selected(java.lang.String)&amp#27;[0m
]]></system-out>
  </testcase>
  <testcase name="runScenario[&quot;Verify user can check and uncheck checkboxes&quot;, &quot;Automate LetsKodeIt Practice Page&quot;](15)" classname="Runner.TestRunner" time="2.273">
    <system-out><![CDATA[
@PracticePage @CheckBox
Scenario Outline: Verify user can check and uncheck checkboxes &amp#27;[90m# src/test/resources/features/PracticePage.feature:25&amp#27;[0m
Executing Home Page Scenario: Verify user can check and uncheck checkboxes
  &amp#27;[32mWhen &amp#27;[0m&amp#27;[32mI select the &amp#27;[0m&amp#27;[32m&amp#27;[1m"Benz"&amp#27;[0m&amp#27;[32m checkbox&amp#27;[0m                            &amp#27;[90m# stepDefinations.PracticePageSteps.i_select_the_checkbox(java.lang.String)&amp#27;[0m
  &amp#27;[32mThen &amp#27;[0m&amp#27;[32mthe &amp#27;[0m&amp#27;[32m&amp#27;[1m"Benz"&amp#27;[0m&amp#27;[32m checkbox should be selected&amp#27;[0m                  &amp#27;[90m# stepDefinations.PracticePageSteps.the_checkbox_should_be_selected(java.lang.String)&amp#27;[0m
  &amp#27;[32mWhen &amp#27;[0m&amp#27;[32mI deselect the &amp#27;[0m&amp#27;[32m&amp#27;[1m"Benz"&amp#27;[0m&amp#27;[32m checkbox&amp#27;[0m                          &amp#27;[90m# stepDefinations.PracticePageSteps.i_deselect_the_checkbox(java.lang.String)&amp#27;[0m
  &amp#27;[32mThen &amp#27;[0m&amp#27;[32mthe &amp#27;[0m&amp#27;[32m&amp#27;[1m"Benz"&amp#27;[0m&amp#27;[32m checkbox should not be selected&amp#27;[0m              &amp#27;[90m# stepDefinations.PracticePageSteps.the_checkbox_should_not_be_selected(java.lang.String)&amp#27;[0m
]]></system-out>
  </testcase>
  <testcase name="runScenario[&quot;Verify user can check and uncheck checkboxes&quot;, &quot;Automate LetsKodeIt Practice Page&quot;](16)" classname="Runner.TestRunner" time="2.393">
    <system-out><![CDATA[
@PracticePage @CheckBox
Scenario Outline: Verify user can check and uncheck checkboxes &amp#27;[90m# src/test/resources/features/PracticePage.feature:26&amp#27;[0m
Executing Home Page Scenario: Verify user can check and uncheck checkboxes
  &amp#27;[32mWhen &amp#27;[0m&amp#27;[32mI select the &amp#27;[0m&amp#27;[32m&amp#27;[1m"Honda"&amp#27;[0m&amp#27;[32m checkbox&amp#27;[0m                           &amp#27;[90m# stepDefinations.PracticePageSteps.i_select_the_checkbox(java.lang.String)&amp#27;[0m
  &amp#27;[32mThen &amp#27;[0m&amp#27;[32mthe &amp#27;[0m&amp#27;[32m&amp#27;[1m"Honda"&amp#27;[0m&amp#27;[32m checkbox should be selected&amp#27;[0m                 &amp#27;[90m# stepDefinations.PracticePageSteps.the_checkbox_should_be_selected(java.lang.String)&amp#27;[0m
  &amp#27;[32mWhen &amp#27;[0m&amp#27;[32mI deselect the &amp#27;[0m&amp#27;[32m&amp#27;[1m"Honda"&amp#27;[0m&amp#27;[32m checkbox&amp#27;[0m                         &amp#27;[90m# stepDefinations.PracticePageSteps.i_deselect_the_checkbox(java.lang.String)&amp#27;[0m
  &amp#27;[32mThen &amp#27;[0m&amp#27;[32mthe &amp#27;[0m&amp#27;[32m&amp#27;[1m"Honda"&amp#27;[0m&amp#27;[32m checkbox should not be selected&amp#27;[0m             &amp#27;[90m# stepDefinations.PracticePageSteps.the_checkbox_should_not_be_selected(java.lang.String)&amp#27;[0m
]]></system-out>
  </testcase>
  <testcase name="runScenario[&quot;Verify user can open a new window and switch back&quot;, &quot;Automate LetsKodeIt Practice Page&quot;](17)" classname="Runner.TestRunner" time="2.317">
    <system-out><![CDATA[
@PracticePage @NewWindow
Scenario: Verify user can open a new window and switch back &amp#27;[90m# src/test/resources/features/PracticePage.feature:29&amp#27;[0m
Executing Home Page Scenario: Verify user can open a new window and switch back
  &amp#27;[32mWhen &amp#27;[0m&amp#27;[32mI click the Open Window button&amp#27;[0m                       &amp#27;[90m# stepDefinations.PracticePageSteps.i_click_the_open_window_button()&amp#27;[0m
  &amp#27;[32mThen &amp#27;[0m&amp#27;[32ma new window should open&amp#27;[0m                             &amp#27;[90m# stepDefinations.PracticePageSteps.a_new_window_should_open()&amp#27;[0m
  &amp#27;[32mWhen &amp#27;[0m&amp#27;[32mI switch to the new window&amp#27;[0m                           &amp#27;[90m# stepDefinations.PracticePageSteps.i_switch_to_the_new_window()&amp#27;[0m
  &amp#27;[32mAnd &amp#27;[0m&amp#27;[32mI close the new window and switch back&amp#27;[0m                &amp#27;[90m# stepDefinations.PracticePageSteps.i_close_the_new_window_and_switch_back()&amp#27;[0m
]]></system-out>
  </testcase>
  <testcase name="runScenario[&quot;Verify user can open a new tab and switch back&quot;, &quot;Automate LetsKodeIt Practice Page&quot;](18)" classname="Runner.TestRunner" time="2.552">
    <system-out><![CDATA[
@PracticePage @NewTab
Scenario: Verify user can open a new tab and switch back &amp#27;[90m# src/test/resources/features/PracticePage.feature:36&amp#27;[0m
Executing Home Page Scenario: Verify user can open a new tab and switch back
  &amp#27;[32mWhen &amp#27;[0m&amp#27;[32mI click the Open Tab link&amp#27;[0m                         &amp#27;[90m# stepDefinations.PracticePageSteps.i_click_the_open_tab_link()&amp#27;[0m
  &amp#27;[32mThen &amp#27;[0m&amp#27;[32ma new tab should open&amp#27;[0m                             &amp#27;[90m# stepDefinations.PracticePageSteps.a_new_tab_should_open()&amp#27;[0m
  &amp#27;[32mWhen &amp#27;[0m&amp#27;[32mI switch to the new tab&amp#27;[0m                           &amp#27;[90m# stepDefinations.PracticePageSteps.i_switch_to_the_new_tab()&amp#27;[0m
  &amp#27;[32mAnd &amp#27;[0m&amp#27;[32mI close the new tab and switch back&amp#27;[0m                &amp#27;[90m# stepDefinations.PracticePageSteps.i_close_the_new_tab_and_switch_back()&amp#27;[0m
]]></system-out>
  </testcase>
  <testcase name="runScenario[&quot;Verify user can select from the dropdown menu&quot;, &quot;Automate LetsKodeIt Practice Page&quot;](19)" classname="Runner.TestRunner" time="2.196">
    <system-out><![CDATA[
@PracticePage @DropDown
Scenario Outline: Verify user can select from the dropdown menu &amp#27;[90m# src/test/resources/features/PracticePage.feature:49&amp#27;[0m
Executing Home Page Scenario: Verify user can select from the dropdown menu
  &amp#27;[32mWhen &amp#27;[0m&amp#27;[32mI select &amp#27;[0m&amp#27;[32m&amp#27;[1m"BMW"&amp#27;[0m&amp#27;[32m from the dropdown&amp#27;[0m                         &amp#27;[90m# stepDefinations.PracticePageSteps.i_select_from_the_dropdown(java.lang.String)&amp#27;[0m
  &amp#27;[32mThen &amp#27;[0m&amp#27;[32m&amp#27;[0m&amp#27;[32m&amp#27;[1m"BMW"&amp#27;[0m&amp#27;[32m should be selected in the dropdown&amp#27;[0m                 &amp#27;[90m# stepDefinations.PracticePageSteps.should_be_selected_in_the_dropdown(java.lang.String)&amp#27;[0m
]]></system-out>
  </testcase>
  <testcase name="runScenario[&quot;Verify user can select from the dropdown menu&quot;, &quot;Automate LetsKodeIt Practice Page&quot;](20)" classname="Runner.TestRunner" time="2.424">
    <system-out><![CDATA[
@PracticePage @DropDown
Scenario Outline: Verify user can select from the dropdown menu &amp#27;[90m# src/test/resources/features/PracticePage.feature:50&amp#27;[0m
Executing Home Page Scenario: Verify user can select from the dropdown menu
  &amp#27;[32mWhen &amp#27;[0m&amp#27;[32mI select &amp#27;[0m&amp#27;[32m&amp#27;[1m"Benz"&amp#27;[0m&amp#27;[32m from the dropdown&amp#27;[0m                        &amp#27;[90m# stepDefinations.PracticePageSteps.i_select_from_the_dropdown(java.lang.String)&amp#27;[0m
  &amp#27;[32mThen &amp#27;[0m&amp#27;[32m&amp#27;[0m&amp#27;[32m&amp#27;[1m"Benz"&amp#27;[0m&amp#27;[32m should be selected in the dropdown&amp#27;[0m                &amp#27;[90m# stepDefinations.PracticePageSteps.should_be_selected_in_the_dropdown(java.lang.String)&amp#27;[0m
]]></system-out>
  </testcase>
  <testcase name="runScenario[&quot;Verify user can select from the dropdown menu&quot;, &quot;Automate LetsKodeIt Practice Page&quot;](21)" classname="Runner.TestRunner" time="2.189">
    <system-out><![CDATA[
@PracticePage @DropDown
Scenario Outline: Verify user can select from the dropdown menu &amp#27;[90m# src/test/resources/features/PracticePage.feature:51&amp#27;[0m
Executing Home Page Scenario: Verify user can select from the dropdown menu
  &amp#27;[32mWhen &amp#27;[0m&amp#27;[32mI select &amp#27;[0m&amp#27;[32m&amp#27;[1m"Honda"&amp#27;[0m&amp#27;[32m from the dropdown&amp#27;[0m                       &amp#27;[90m# stepDefinations.PracticePageSteps.i_select_from_the_dropdown(java.lang.String)&amp#27;[0m
  &amp#27;[32mThen &amp#27;[0m&amp#27;[32m&amp#27;[0m&amp#27;[32m&amp#27;[1m"Honda"&amp#27;[0m&amp#27;[32m should be selected in the dropdown&amp#27;[0m               &amp#27;[90m# stepDefinations.PracticePageSteps.should_be_selected_in_the_dropdown(java.lang.String)&amp#27;[0m
]]></system-out>
  </testcase>
  <testcase name="runScenario[&quot;Verify user can select multiple options from the Multipleselectoption&quot;, &quot;Automate LetsKodeIt Practice Page&quot;](22)" classname="Runner.TestRunner" time="2.689">
    <system-out><![CDATA[
@PracticePage @MultipleSelect
Scenario: Verify user can select multiple options from the Multipleselectoption  &amp#27;[90m# src/test/resources/features/PracticePage.feature:54&amp#27;[0m
Executing Home Page Scenario: Verify user can select multiple options from the Multipleselectoption
  &amp#27;[32mWhen &amp#27;[0m&amp#27;[32mI select the following options from the multiple select dropdown:&amp#27;[0m         &amp#27;[90m# stepDefinations.PracticePageSteps.iSelectTheFollowingOptions(io.cucumber.datatable.DataTable)&amp#27;[0m
    | Apple  |
    | Orange |
  &amp#27;[32mThen &amp#27;[0m&amp#27;[32mthe following options should be selected in the multiple select dropdown:&amp#27;[0m &amp#27;[90m# stepDefinations.PracticePageSteps.theFollowingOptionsShouldBeSelected(io.cucumber.datatable.DataTable)&amp#27;[0m
    | Apple  |
    | Orange |
  &amp#27;[32mWhen &amp#27;[0m&amp#27;[32mI deselect &amp#27;[0m&amp#27;[32m&amp#27;[1m"Orange"&amp#27;[0m&amp#27;[32m from the multiple select dropdown&amp#27;[0m                     &amp#27;[90m# stepDefinations.PracticePageSteps.iDeselectFromTheMultipleSelectDropdown(java.lang.String)&amp#27;[0m
  &amp#27;[32mThen &amp#27;[0m&amp#27;[32mthe following options should be selected in the multiple select dropdown:&amp#27;[0m &amp#27;[90m# stepDefinations.PracticePageSteps.theFollowingOptionsShouldBeSelected(io.cucumber.datatable.DataTable)&amp#27;[0m
    | Apple |
]]></system-out>
  </testcase>
  <testcase name="runScenario[&quot;Verify user can Disable and Enable the input field&quot;, &quot;Automate LetsKodeIt Practice Page&quot;](23)" classname="Runner.TestRunner" time="2.122">
    <system-out><![CDATA[
@PracticePage @EnableDisable
Scenario: Verify user can Disable and Enable the input field &amp#27;[90m# src/test/resources/features/PracticePage.feature:66&amp#27;[0m
Executing Home Page Scenario: Verify user can Disable and Enable the input field
  &amp#27;[32mWhen &amp#27;[0m&amp#27;[32mI click on the &amp#27;[0m&amp#27;[32m&amp#27;[1m"Disable"&amp#27;[0m&amp#27;[32m button&amp#27;[0m                       &amp#27;[90m# stepDefinations.PracticePageSteps.iClickOnTheButton(java.lang.String)&amp#27;[0m
  &amp#27;[32mThen &amp#27;[0m&amp#27;[32mthe input field should be disabled&amp#27;[0m                    &amp#27;[90m# stepDefinations.PracticePageSteps.theInputFieldShouldBeDisabled()&amp#27;[0m
  &amp#27;[32mWhen &amp#27;[0m&amp#27;[32mI click on the &amp#27;[0m&amp#27;[32m&amp#27;[1m"Enable"&amp#27;[0m&amp#27;[32m button&amp#27;[0m                        &amp#27;[90m# stepDefinations.PracticePageSteps.iClickOnTheButton(java.lang.String)&amp#27;[0m
  &amp#27;[32mThen &amp#27;[0m&amp#27;[32mthe input field should be enabled&amp#27;[0m                     &amp#27;[90m# stepDefinations.PracticePageSteps.theInputFieldShouldBeEnabled()&amp#27;[0m
]]></system-out>
  </testcase>
  <testcase name="runScenario[&quot;Verify user can hide and show the input field&quot;, &quot;Automate LetsKodeIt Practice Page&quot;](24)" classname="Runner.TestRunner" time="2.375">
    <system-out><![CDATA[
@PracticePage @HideShow
Scenario: Verify user can hide and show the input field &amp#27;[90m# src/test/resources/features/PracticePage.feature:73&amp#27;[0m
Executing Home Page Scenario: Verify user can hide and show the input field
  &amp#27;[32mWhen &amp#27;[0m&amp#27;[32mI click on the &amp#27;[0m&amp#27;[32m&amp#27;[1m"Hide"&amp#27;[0m&amp#27;[32m button&amp#27;[0m                     &amp#27;[90m# stepDefinations.PracticePageSteps.iClickOnTheButton(java.lang.String)&amp#27;[0m
  &amp#27;[32mThen &amp#27;[0m&amp#27;[32mthe input field should be hidden&amp#27;[0m                 &amp#27;[90m# stepDefinations.PracticePageSteps.theInputFieldShouldBeHidden()&amp#27;[0m
  &amp#27;[32mWhen &amp#27;[0m&amp#27;[32mI click on the &amp#27;[0m&amp#27;[32m&amp#27;[1m"Show"&amp#27;[0m&amp#27;[32m button&amp#27;[0m                     &amp#27;[90m# stepDefinations.PracticePageSteps.iClickOnTheButton(java.lang.String)&amp#27;[0m
  &amp#27;[32mThen &amp#27;[0m&amp#27;[32mthe input field should be visible&amp#27;[0m                &amp#27;[90m# stepDefinations.PracticePageSteps.theInputFieldShouldBeVisible()&amp#27;[0m
]]></system-out>
  </testcase>
  <testcase name="runScenario[&quot;Verify Alert and Confirm popups&quot;, &quot;Automate LetsKodeIt Practice Page&quot;](25)" classname="Runner.TestRunner" time="2.552">
    <system-out><![CDATA[
@PracticePage @Alerts
Scenario: Verify Alert and Confirm popups                         &amp#27;[90m# src/test/resources/features/PracticePage.feature:80&amp#27;[0m
Executing Home Page Scenario: Verify Alert and Confirm popups
  &amp#27;[32mWhen &amp#27;[0m&amp#27;[32mI enter &amp#27;[0m&amp#27;[32m&amp#27;[1m"Aditya Reddy"&amp#27;[0m&amp#27;[32m in the name field&amp#27;[0m                   &amp#27;[90m# stepDefinations.PracticePageSteps.iEnterInTheNameField(java.lang.String)&amp#27;[0m
  &amp#27;[32mAnd &amp#27;[0m&amp#27;[32mI click on the &amp#27;[0m&amp#27;[32m&amp#27;[1m"Alert"&amp#27;[0m&amp#27;[32m button&amp#27;[0m                               &amp#27;[90m# stepDefinations.PracticePageSteps.iClickOnTheButton(java.lang.String)&amp#27;[0m
  &amp#27;[32mThen &amp#27;[0m&amp#27;[32man alert should appear with text containing &amp#27;[0m&amp#27;[32m&amp#27;[1m"Aditya Reddy"&amp#27;[0m &amp#27;[90m# stepDefinations.PracticePageSteps.anAlertShouldAppearWithTextContaining(java.lang.String)&amp#27;[0m
  &amp#27;[32mWhen &amp#27;[0m&amp#27;[32mI click on the &amp#27;[0m&amp#27;[32m&amp#27;[1m"Confirm"&amp#27;[0m&amp#27;[32m button&amp#27;[0m                            &amp#27;[90m# stepDefinations.PracticePageSteps.iClickOnTheButton(java.lang.String)&amp#27;[0m
  &amp#27;[32mThen &amp#27;[0m&amp#27;[32ma confirmation alert should appear&amp#27;[0m                         &amp#27;[90m# stepDefinations.PracticePageSteps.aConfirmationAlertShouldAppear()&amp#27;[0m
  &amp#27;[32mAnd &amp#27;[0m&amp#27;[32mI accept the confirmation alert&amp#27;[0m                             &amp#27;[90m# stepDefinations.PracticePageSteps.iAcceptTheConfirmationAlert()&amp#27;[0m
]]></system-out>
  </testcase>
  <testcase name="runScenario[&quot;Verify Mouse Hover functionality&quot;, &quot;Automate LetsKodeIt Practice Page&quot;](26)" classname="Runner.TestRunner" time="6.415">
    <system-out><![CDATA[
@PracticePage @MouseHover
Scenario: Verify Mouse Hover functionality       &amp#27;[90m# src/test/resources/features/PracticePage.feature:89&amp#27;[0m
Executing Home Page Scenario: Verify Mouse Hover functionality
  &amp#27;[32mWhen &amp#27;[0m&amp#27;[32mI Hover on the &amp#27;[0m&amp#27;[32m&amp#27;[1m"Mouse Hover"&amp#27;[0m&amp#27;[32m button&amp#27;[0m       &amp#27;[90m# stepDefinations.PracticePageSteps.HoverOnTheButton(java.lang.String)&amp#27;[0m
  &amp#27;[32mThen &amp#27;[0m&amp#27;[32mthe mouse hover options should be visible&amp#27;[0m &amp#27;[90m# stepDefinations.PracticePageSteps.theMouseHoverOptionsShouldBeVisible()&amp#27;[0m
  &amp#27;[32mWhen &amp#27;[0m&amp#27;[32mI click on the &amp#27;[0m&amp#27;[32m&amp#27;[1m"Top"&amp#27;[0m&amp#27;[32m option&amp#27;[0m               &amp#27;[90m# stepDefinations.PracticePageSteps.iClickOnTheOption(java.lang.String)&amp#27;[0m
Current Scroll Position: 131.1999969482422
Current Scroll Position: 126.4000015258789
Current Scroll Position: 121.5999984741211
  &amp#27;[32mThen &amp#27;[0m&amp#27;[32mthe page should scroll to the top&amp#27;[0m         &amp#27;[90m# stepDefinations.PracticePageSteps.thePageShouldScrollToTheTop()&amp#27;[0m
  &amp#27;[32mWhen &amp#27;[0m&amp#27;[32mI Hover on the &amp#27;[0m&amp#27;[32m&amp#27;[1m"Mouse Hover"&amp#27;[0m&amp#27;[32m button&amp#27;[0m       &amp#27;[90m# stepDefinations.PracticePageSteps.HoverOnTheButton(java.lang.String)&amp#27;[0m
  &amp#27;[32mAnd &amp#27;[0m&amp#27;[32mI click on the &amp#27;[0m&amp#27;[32m&amp#27;[1m"Reload"&amp#27;[0m&amp#27;[32m option&amp#27;[0m             &amp#27;[90m# stepDefinations.PracticePageSteps.iClickOnTheOption(java.lang.String)&amp#27;[0m
  &amp#27;[32mThen &amp#27;[0m&amp#27;[32mthe page should reload&amp#27;[0m                    &amp#27;[90m# stepDefinations.PracticePageSteps.thePageShouldReload()&amp#27;[0m
]]></system-out>
  </testcase>
  <testcase name="runScenario[&quot;Verify Web Table Data&quot;, &quot;Automate LetsKodeIt Practice Page&quot;](27)" classname="Runner.TestRunner" time="2.517">
    <system-out><![CDATA[
@PracticePage @WebTable
Scenario: Verify Web Table Data                                       &amp#27;[90m# src/test/resources/features/PracticePage.feature:99&amp#27;[0m
Executing Home Page Scenario: Verify Web Table Data
Actual Table Data: [[Let's Kode It, Selenium WebDriver With Java, 35], [Let's Kode It, Python Programming Language, 30], [Let's Kode It, JavaScript Programming Language, 25]]
Expected Table Data[[Let's Kode It, Selenium WebDriver With Java, 35], [Let's Kode It, Python Programming Language, 30], [Let's Kode It, JavaScript Programming Language, 25]]
  &amp#27;[32mThen &amp#27;[0m&amp#27;[32mthe table should contain the following courses:&amp#27;[0m                &amp#27;[90m# stepDefinations.PracticePageSteps.theTableShouldContain(io.cucumber.datatable.DataTable)&amp#27;[0m
    | Let's Kode It | Selenium WebDriver With Java    | 35 |
    | Let's Kode It | Python Programming Language     | 30 |
    | Let's Kode It | JavaScript Programming Language | 25 |
  &amp#27;[32mWhen &amp#27;[0m&amp#27;[32mI search for the course &amp#27;[0m&amp#27;[32m&amp#27;[1m"Python Programming Language"&amp#27;[0m&amp#27;[32m in table&amp#27;[0m &amp#27;[90m# stepDefinations.PracticePageSteps.iSearchForTheCourse(java.lang.String)&amp#27;[0m
  &amp#27;[32mThen &amp#27;[0m&amp#27;[32mthe price should be &amp#27;[0m&amp#27;[32m&amp#27;[1m"30"&amp#27;[0m                                       &amp#27;[90m# stepDefinations.PracticePageSteps.thePriceShouldBe(java.lang.String)&amp#27;[0m
]]></system-out>
  </testcase>
  <testcase name="runScenario[&quot;Verify Auto Suggest functionality&quot;, &quot;Automate LetsKodeIt Practice Page&quot;](28)" classname="Runner.TestRunner" time="2.979">
    <system-out><![CDATA[
@PracticePage @AutoSuggest
Scenario: Verify Auto Suggest functionality                      &amp#27;[90m# src/test/resources/features/PracticePage.feature:109&amp#27;[0m
Executing Home Page Scenario: Verify Auto Suggest functionality
  &amp#27;[32mWhen &amp#27;[0m&amp#27;[32mI enter &amp#27;[0m&amp#27;[32m&amp#27;[1m"Java"&amp#27;[0m&amp#27;[32m in the search field&amp#27;[0m                        &amp#27;[90m# stepDefinations.PracticePageSteps.iEnterTextInSearchField(java.lang.String)&amp#27;[0m
  &amp#27;[32mThen &amp#27;[0m&amp#27;[32mI should see the suggestions related to &amp#27;[0m&amp#27;[32m&amp#27;[1m"Java"&amp#27;[0m            &amp#27;[90m# stepDefinations.PracticePageSteps.iShouldSeeTheSuggestions(java.lang.String)&amp#27;[0m
  &amp#27;[32mAnd &amp#27;[0m&amp#27;[32mI select &amp#27;[0m&amp#27;[32m&amp#27;[1m"Selenium WebDriver Java"&amp#27;[0m&amp#27;[32m from the suggestions&amp#27;[0m    &amp#27;[90m# stepDefinations.PracticePageSteps.iSelectFromSuggestions(java.lang.String)&amp#27;[0m
  &amp#27;[32mThen &amp#27;[0m&amp#27;[32mthe search field should contain &amp#27;[0m&amp#27;[32m&amp#27;[1m"Selenium WebDriver Java"&amp#27;[0m &amp#27;[90m# stepDefinations.PracticePageSteps.theSearchFieldShouldContain(java.lang.String)&amp#27;[0m
]]></system-out>
  </testcase>
  <testcase name="runScenario[&quot;Validate iframe and section elements&quot;, &quot;Automate LetsKodeIt Practice Page&quot;](29)" classname="Runner.TestRunner" time="2.857">
    <system-out><![CDATA[
@PracticePage @iframe
Scenario: Validate iframe and section elements                &amp#27;[90m# src/test/resources/features/PracticePage.feature:117&amp#27;[0m
Executing Home Page Scenario: Validate iframe and section elements
  &amp#27;[32mGiven &amp#27;[0m&amp#27;[32mI am on the Practice Page&amp#27;[0m                             &amp#27;[90m# stepDefinations.PracticePageSteps.i_am_on_the_practice_page()&amp#27;[0m
  &amp#27;[32mAnd &amp#27;[0m&amp#27;[32mI switch to the iframe&amp#27;[0m                                  &amp#27;[90m# stepDefinations.PracticePageSteps.i_switch_to_the_iframe()&amp#27;[0m
  &amp#27;[32mThen &amp#27;[0m&amp#27;[32mI verify the iframe page title&amp#27;[0m                         &amp#27;[90m# stepDefinations.PracticePageSteps.i_verify_the_iframe_page_title()&amp#27;[0m
  &amp#27;[32mAnd &amp#27;[0m&amp#27;[32mthe following sections should be visible in the iframe:&amp#27;[0m &amp#27;[90m# stepDefinations.PracticePageSteps.the_following_sections_should_be_visible(io.cucumber.datatable.DataTable)&amp#27;[0m
    | HOME        |
    | ALL COURSES |
    | INTERVIEW   |
    | SUPPORT     |
    | BLOG        |
]]></system-out>
  </testcase>
  <testcase name="runScenario[&quot;Successful Registration with valid credentials&quot;, &quot;User Registration and Login&quot;](30)" classname="Runner.TestRunner" time="5.482">
    <failure message="Registration page is not displayed expected [true] but found [false]" type="java.lang.AssertionError"><![CDATA[java.lang.AssertionError: Registration page is not displayed expected [true] but found [false]
	at org.testng.Assert.fail(Assert.java:111)
	at org.testng.Assert.failNotEquals(Assert.java:1578)
	at org.testng.Assert.assertTrue(Assert.java:57)
	at stepDefinations.RegistratioSteps.the_registration_page_is_displayed_on_the_screen(RegistratioSteps.java:41)
	at ✽.the registration page is displayed on the screen(file:///C:/Users/ADITYA/eclipse-workspace/Capstone_Project/./src/test/resources/features/RegistrationAndLogin.feature:12)
]]></failure>
    <system-out><![CDATA[
@UserAuth @Register
Scenario Outline: Successful Registration with valid credentials                                                     &amp#27;[90m# src/test/resources/features/RegistrationAndLogin.feature:22&amp#27;[0m
Executing Home Page Scenario: Successful Registration with valid credentials
  &amp#27;[32mGiven &amp#27;[0m&amp#27;[32mUser is on the Letskodeit Practise homepage&amp#27;[0m                                                                  &amp#27;[90m# stepDefinations.RegistratioSteps.user_is_on_the_letskodeit_practise_homepage()&amp#27;[0m
  &amp#27;[32mWhen &amp#27;[0m&amp#27;[32mthe user clicks the Sign In link&amp#27;[0m                                                                              &amp#27;[90m# stepDefinations.RegistratioSteps.the_user_clicks_the_sign_in_link()&amp#27;[0m
  &amp#27;[32mThen &amp#27;[0m&amp#27;[32mthe user is in the login page&amp#27;[0m                                                                                 &amp#27;[90m# stepDefinations.RegistratioSteps.the_user_is_in_the_login_page()&amp#27;[0m
  &amp#27;[32mThen &amp#27;[0m&amp#27;[32mthe user clicks on the register link&amp#27;[0m                                                                          &amp#27;[90m# stepDefinations.RegistratioSteps.the_user_clicks_on_the_register_link()&amp#27;[0m
  &amp#27;[31mThen &amp#27;[0m&amp#27;[31mthe registration page is displayed on the screen&amp#27;[0m                                                              &amp#27;[90m# stepDefinations.RegistratioSteps.the_registration_page_is_displayed_on_the_screen()&amp#27;[0m
      &amp#27;[31mjava.lang.AssertionError: Registration page is not displayed expected [true] but found [false]
      	at org.testng.Assert.fail(Assert.java:111)
      	at org.testng.Assert.failNotEquals(Assert.java:1578)
      	at org.testng.Assert.assertTrue(Assert.java:57)
      	at stepDefinations.RegistratioSteps.the_registration_page_is_displayed_on_the_screen(RegistratioSteps.java:41)
      	at ✽.the registration page is displayed on the screen(file:///C:/Users/ADITYA/eclipse-workspace/Capstone_Project/./src/test/resources/features/RegistrationAndLogin.feature:12)&amp#27;[0m
  &amp#27;[36mWhen &amp#27;[0m&amp#27;[36mthe user enters &amp#27;[0m&amp#27;[36m&amp#27;[1m"Adithya Reddy"&amp#27;[0m&amp#27;[36m and &amp#27;[0m&amp#27;[36m&amp#27;[1m"Gooli"&amp#27;[0m&amp#27;[36m and &amp#27;[0m&amp#27;[36m&amp#27;[1m"12a3456543za342q101@gmail.com"&amp#27;[0m&amp#27;[36m and &amp#27;[0m&amp#27;[36m&amp#27;[1m"Aditya@1"&amp#27;[0m&amp#27;[36m and &amp#27;[0m&amp#27;[36m&amp#27;[1m"Aditya@1"&amp#27;[0m &amp#27;[90m# stepDefinations.RegistratioSteps.the_user_enters_and_and_and_and(java.lang.String,java.lang.String,java.lang.String,java.lang.String,java.lang.String)&amp#27;[0m
  &amp#27;[36mAnd &amp#27;[0m&amp#27;[36mthe user ticks the captcha checkbox&amp#27;[0m                                                                            &amp#27;[90m# stepDefinations.RegistratioSteps.the_user_ticks_the_captcha_checkbox()&amp#27;[0m
  &amp#27;[36mWhen &amp#27;[0m&amp#27;[36mthe user clicks the signup button&amp#27;[0m                                                                             &amp#27;[90m# stepDefinations.RegistratioSteps.the_user_clicks_the_signup_button()&amp#27;[0m
  &amp#27;[36mThen &amp#27;[0m&amp#27;[36mthe user sees the My Courses page&amp#27;[0m                                                                             &amp#27;[90m# stepDefinations.RegistratioSteps.the_user_sees_the_my_courses_page()&amp#27;[0m
  &amp#27;[36mWhen &amp#27;[0m&amp#27;[36mthe user clicks the Logout&amp#27;[0m                                                                                    &amp#27;[90m# stepDefinations.LoginSteps.the_user_clicks_the_logout()&amp#27;[0m
]]></system-out>
  </testcase>
  <testcase name="runScenario[&quot;Successful Login with valid credentials&quot;, &quot;User Registration and Login&quot;](31)" classname="Runner.TestRunner" time="14.132">
    <failure message="expected [true] but found [false]" type="java.lang.AssertionError"><![CDATA[java.lang.AssertionError: expected [true] but found [false]
	at org.testng.Assert.fail(Assert.java:111)
	at org.testng.Assert.failNotEquals(Assert.java:1578)
	at org.testng.Assert.assertTrue(Assert.java:57)
	at org.testng.Assert.assertTrue(Assert.java:67)
	at stepDefinations.LoginSteps.the_user_is_redirected_to_the_My_Courses_page(LoginSteps.java:36)
	at ✽.the user is redirected to the My Courses page(file:///C:/Users/ADITYA/eclipse-workspace/Capstone_Project/./src/test/resources/features/RegistrationAndLogin.feature:28)
]]></failure>
    <system-out><![CDATA[
@UserAuth @ValidLogin
Scenario Outline: Successful Login with valid credentials      &amp#27;[90m# src/test/resources/features/RegistrationAndLogin.feature:34&amp#27;[0m
Executing Home Page Scenario: Successful Login with valid credentials
  &amp#27;[32mGiven &amp#27;[0m&amp#27;[32mUser is on the Letskodeit Practise homepage&amp#27;[0m            &amp#27;[90m# stepDefinations.RegistratioSteps.user_is_on_the_letskodeit_practise_homepage()&amp#27;[0m
  &amp#27;[32mWhen &amp#27;[0m&amp#27;[32mthe user clicks the Sign In link&amp#27;[0m                        &amp#27;[90m# stepDefinations.RegistratioSteps.the_user_clicks_the_sign_in_link()&amp#27;[0m
  &amp#27;[32mThen &amp#27;[0m&amp#27;[32mthe user is in the login page&amp#27;[0m                           &amp#27;[90m# stepDefinations.RegistratioSteps.the_user_is_in_the_login_page()&amp#27;[0m
  &amp#27;[32mWhen &amp#27;[0m&amp#27;[32mthe user enters &amp#27;[0m&amp#27;[32m&amp#27;[1m"123456543210@gmail.com"&amp#27;[0m&amp#27;[32m and &amp#27;[0m&amp#27;[32m&amp#27;[1m"Aditya@1"&amp#27;[0m &amp#27;[90m# stepDefinations.LoginSteps.the_user_enters_and(java.lang.String,java.lang.String)&amp#27;[0m
  &amp#27;[32mAnd &amp#27;[0m&amp#27;[32mthe user clicks the login button for a successful login&amp#27;[0m  &amp#27;[90m# stepDefinations.LoginSteps.the_user_clicks_the_login_button()&amp#27;[0m
  &amp#27;[31mThen &amp#27;[0m&amp#27;[31mthe user is redirected to the My Courses page&amp#27;[0m           &amp#27;[90m# stepDefinations.LoginSteps.the_user_is_redirected_to_the_My_Courses_page()&amp#27;[0m
      &amp#27;[31mjava.lang.AssertionError: expected [true] but found [false]
      	at org.testng.Assert.fail(Assert.java:111)
      	at org.testng.Assert.failNotEquals(Assert.java:1578)
      	at org.testng.Assert.assertTrue(Assert.java:57)
      	at org.testng.Assert.assertTrue(Assert.java:67)
      	at stepDefinations.LoginSteps.the_user_is_redirected_to_the_My_Courses_page(LoginSteps.java:36)
      	at ✽.the user is redirected to the My Courses page(file:///C:/Users/ADITYA/eclipse-workspace/Capstone_Project/./src/test/resources/features/RegistrationAndLogin.feature:28)&amp#27;[0m
  &amp#27;[36mWhen &amp#27;[0m&amp#27;[36mthe user clicks the Logout&amp#27;[0m                              &amp#27;[90m# stepDefinations.LoginSteps.the_user_clicks_the_logout()&amp#27;[0m
  &amp#27;[36mThen &amp#27;[0m&amp#27;[36mthe user is redirected to the homepage&amp#27;[0m                  &amp#27;[90m# stepDefinations.LoginSteps.the_user_is_redirected_to_the_homepage()&amp#27;[0m
]]></system-out>
  </testcase>
  <testcase name="runScenario[&quot;Login with Invalid credentials&quot;, &quot;User Registration and Login&quot;](32)" classname="Runner.TestRunner" time="6.469">
    <system-out><![CDATA[
@UserAuth @InvalidLogin
Scenario Outline: Login with Invalid credentials                         &amp#27;[90m# src/test/resources/features/RegistrationAndLogin.feature:46&amp#27;[0m
Executing Home Page Scenario: Login with Invalid credentials
  &amp#27;[32mGiven &amp#27;[0m&amp#27;[32mUser is on the Letskodeit Practise homepage&amp#27;[0m                      &amp#27;[90m# stepDefinations.RegistratioSteps.user_is_on_the_letskodeit_practise_homepage()&amp#27;[0m
  &amp#27;[32mWhen &amp#27;[0m&amp#27;[32mthe user clicks the Sign In link&amp#27;[0m                                  &amp#27;[90m# stepDefinations.RegistratioSteps.the_user_clicks_the_sign_in_link()&amp#27;[0m
  &amp#27;[32mThen &amp#27;[0m&amp#27;[32mthe user is in the login page&amp#27;[0m                                     &amp#27;[90m# stepDefinations.RegistratioSteps.the_user_is_in_the_login_page()&amp#27;[0m
  &amp#27;[32mWhen &amp#27;[0m&amp#27;[32mthe user enters WongCrendtials &amp#27;[0m&amp#27;[32m&amp#27;[1m"Aditya1@gmail.com"&amp#27;[0m&amp#27;[32m and &amp#27;[0m&amp#27;[32m&amp#27;[1m"Aditya@1"&amp#27;[0m &amp#27;[90m# stepDefinations.InavlidLoginSteps.theUserEntersWrongCredentials(java.lang.String,java.lang.String)&amp#27;[0m
  &amp#27;[32mAnd &amp#27;[0m&amp#27;[32mthe user clicks the login button for an unsuccessful login&amp#27;[0m         &amp#27;[90m# stepDefinations.InavlidLoginSteps.theUserClicksTheLoginButton()&amp#27;[0m
  &amp#27;[32mThen &amp#27;[0m&amp#27;[32mthe login page will show &amp#27;[0m&amp#27;[32m&amp#27;[1m"Incorrect login details"&amp#27;[0m&amp#27;[32m in the display&amp#27;[0m &amp#27;[90m# stepDefinations.InavlidLoginSteps.the_LoginPage_Will_Show_ErrorMessage(java.lang.String)&amp#27;[0m
  &amp#27;[32mWhen &amp#27;[0m&amp#27;[32mthe user clicks the Forget Password button&amp#27;[0m                        &amp#27;[90m# stepDefinations.InavlidLoginSteps.theUserClicksForgetPasswordButton()&amp#27;[0m
  &amp#27;[32mThen &amp#27;[0m&amp#27;[32mthe user is redirected to the Password RestPage&amp#27;[0m                   &amp#27;[90m# stepDefinations.InavlidLoginSteps.theUserIsRedirectedToPasswordResetPage()&amp#27;[0m
]]></system-out>
  </testcase>
  <testcase name="runScenario[&quot;Add a product to the cart and proceed to checkout&quot;, &quot;Shopping Cart Functionality&quot;](33)" classname="Runner.TestRunner" time="11.425">
    <system-out><![CDATA[
@shoppingpage
Scenario: Add a product to the cart and proceed to checkout &amp#27;[90m# src/test/resources/features/Shopping.feature:4&amp#27;[0m
Executing Home Page Scenario: Add a product to the cart and proceed to checkout
  &amp#27;[32mGiven &amp#27;[0m&amp#27;[32mUser is on the practice page&amp#27;[0m                        &amp#27;[90m# stepDefinations.ShoppingCartSteps.userIsOnPracticePage()&amp#27;[0m
  &amp#27;[32mWhen &amp#27;[0m&amp#27;[32mUser navigates to eCommerce Practice Page&amp#27;[0m            &amp#27;[90m# stepDefinations.ShoppingCartSteps.userNavigatesToEcommercePractice()&amp#27;[0m
  &amp#27;[32mAnd &amp#27;[0m&amp#27;[32mUser clicks on &amp#27;[0m&amp#27;[32m&amp#27;[1m"Shop Now"&amp#27;[0m                             &amp#27;[90m# stepDefinations.ShoppingCartSteps.userClicksOn(java.lang.String)&amp#27;[0m
  &amp#27;[32mAnd &amp#27;[0m&amp#27;[32mUser selects a product&amp#27;[0m                                &amp#27;[90m# stepDefinations.ShoppingCartSteps.userSelectsAProduct()&amp#27;[0m
  &amp#27;[32mAnd &amp#27;[0m&amp#27;[32mUser selects size &amp#27;[0m&amp#27;[32m&amp#27;[1m"L"&amp#27;[0m                                 &amp#27;[90m# stepDefinations.ShoppingCartSteps.userSelectsSize(java.lang.String)&amp#27;[0m
  &amp#27;[32mAnd &amp#27;[0m&amp#27;[32mUser adds the product to the bag&amp#27;[0m                      &amp#27;[90m# stepDefinations.ShoppingCartSteps.userAddsProductToBag()&amp#27;[0m
  &amp#27;[32mAnd &amp#27;[0m&amp#27;[32mUser proceeds to checkout&amp#27;[0m                             &amp#27;[90m# stepDefinations.ShoppingCartSteps.userProceedsToCheckout()&amp#27;[0m
  &amp#27;[32mThen &amp#27;[0m&amp#27;[32mUser should see &amp#27;[0m&amp#27;[32m&amp#27;[1m"My Bag"&amp#27;[0m&amp#27;[32m page&amp#27;[0m                        &amp#27;[90m# stepDefinations.ShoppingCartSteps.userShouldSeePage(java.lang.String)&amp#27;[0m
]]></system-out>
  </testcase>
</testsuite>